<?xml version="1.0" encoding="UTF-8"?>
<robot generator="Robot 3.0.4 (Python 3.6.5 on win32)" generated="20180626 22:18:35.382">
<suite id="s1" name="ROBO" source="C:\Users\abag520\PycharmProjects\proj1ROBO\Tests\ROBO.robot">
<test id="s1-t1" name="Search Robotics on Google">
<kw name="Open Browser" library="SeleniumLibrary">
<doc>Opens a new browser instance to the given ``url``.</doc>
<arguments>
<arg>https://www.google.com/</arg>
<arg>ie</arg>
</arguments>
<msg timestamp="20180626 22:18:35.615" level="INFO">Opening browser 'ie' to base url 'https://www.google.com/'.</msg>
<status status="PASS" starttime="20180626 22:18:35.615" endtime="20180626 22:18:39.583"></status>
</kw>
<kw name="Click Element" library="SeleniumLibrary">
<doc>Click element identified by ``locator``.</doc>
<arguments>
<arg>lst-ib</arg>
</arguments>
<msg timestamp="20180626 22:18:39.583" level="INFO">Clicking element 'lst-ib'.</msg>
<status status="PASS" starttime="20180626 22:18:39.583" endtime="20180626 22:18:40.035"></status>
</kw>
<kw name="Input Text" library="SeleniumLibrary">
<doc>Types the given ``text`` into text field identified by ``locator``.</doc>
<arguments>
<arg>id=lst-ib</arg>
<arg>robotics</arg>
</arguments>
<msg timestamp="20180626 22:18:40.035" level="INFO">Typing text 'robotics' into text field 'id=lst-ib'.</msg>
<status status="PASS" starttime="20180626 22:18:40.035" endtime="20180626 22:18:40.666"></status>
</kw>
<kw name="Sleep" library="BuiltIn">
<doc>Pauses the test executed for the given time.</doc>
<arguments>
<arg>1s</arg>
</arguments>
<msg timestamp="20180626 22:18:41.673" level="INFO">Slept 1 second</msg>
<status status="PASS" starttime="20180626 22:18:40.666" endtime="20180626 22:18:41.673"></status>
</kw>
<kw name="Press Key" library="SeleniumLibrary">
<doc>Simulates user pressing key on element identified by ``locator``.</doc>
<arguments>
<arg>id=lst-ib</arg>
<arg>\\13</arg>
</arguments>
<status status="PASS" starttime="20180626 22:18:41.673" endtime="20180626 22:18:42.078"></status>
</kw>
<kw name="Sleep" library="BuiltIn">
<doc>Pauses the test executed for the given time.</doc>
<arguments>
<arg>1s</arg>
</arguments>
<msg timestamp="20180626 22:18:43.087" level="INFO">Slept 1 second</msg>
<status status="PASS" starttime="20180626 22:18:42.078" endtime="20180626 22:18:43.087"></status>
</kw>
<kw name="Click Element" library="SeleniumLibrary">
<doc>Click element identified by ``locator``.</doc>
<arguments>
<arg>gsr</arg>
</arguments>
<msg timestamp="20180626 22:18:43.087" level="INFO">Clicking element 'gsr'.</msg>
<status status="PASS" starttime="20180626 22:18:43.087" endtime="20180626 22:18:45.056"></status>
</kw>
<kw name="Wait Until Page Contains" library="SeleniumLibrary">
<doc>Waits until ``text`` appears on current page.</doc>
<arguments>
<arg>results</arg>
</arguments>
<status status="PASS" starttime="20180626 22:18:45.056" endtime="20180626 22:18:45.275"></status>
</kw>
<kw name="Sleep" library="BuiltIn">
<doc>Pauses the test executed for the given time.</doc>
<arguments>
<arg>3s</arg>
</arguments>
<msg timestamp="20180626 22:18:48.276" level="INFO">Slept 3 seconds</msg>
<status status="PASS" starttime="20180626 22:18:45.275" endtime="20180626 22:18:48.276"></status>
</kw>
<kw name="Go To" library="SeleniumLibrary">
<doc>Navigates the active browser instance to the provided ``url``.</doc>
<arguments>
<arg>https://en.wikipedia.org/wiki/Robotics</arg>
</arguments>
<msg timestamp="20180626 22:18:48.276" level="INFO">Opening url 'https://en.wikipedia.org/wiki/Robotics'</msg>
<status status="PASS" starttime="20180626 22:18:48.276" endtime="20180626 22:18:52.201"></status>
</kw>
<kw name="Sleep" library="BuiltIn">
<doc>Pauses the test executed for the given time.</doc>
<arguments>
<arg>3s</arg>
</arguments>
<msg timestamp="20180626 22:18:55.210" level="INFO">Slept 3 seconds</msg>
<status status="PASS" starttime="20180626 22:18:52.201" endtime="20180626 22:18:55.210"></status>
</kw>
<kw name="Close Browser" library="SeleniumLibrary">
<doc>Closes the current browser.</doc>
<status status="PASS" starttime="20180626 22:18:55.210" endtime="20180626 22:18:58.263"></status>
</kw>
<doc>This is basic info about test</doc>
<tags>
<tag>Smoke</tag>
</tags>
<status status="PASS" starttime="20180626 22:18:35.615" endtime="20180626 22:18:58.263" critical="yes"></status>
</test>
<doc>Here is an explanation of the suite</doc>
<status status="PASS" starttime="20180626 22:18:35.397" endtime="20180626 22:18:58.263"></status>
</suite>
<statistics>
<total>
<stat pass="1" fail="0">Critical Tests</stat>
<stat pass="1" fail="0">All Tests</stat>
</total>
<tag>
<stat pass="1" fail="0">Smoke</stat>
</tag>
<suite>
<stat pass="1" fail="0" id="s1" name="ROBO">ROBO</stat>
</suite>
</statistics>
<errors>
</errors>
</robot>
